https://a3s.fi/legentic-data/2016-01-02-5VW53L.gz
https://a3s.fi/legentic-data/2016-01-02-5VW53L.gz
https://a3s.fi/legentic-data/2016-01-02-5VW53L.gz
https://a3s.fi/legentic-data/2016-01-02-5VW53L.gz
https://a3s.fi/legentic-data/2016-01-02-5VW53L.gz
https://a3s.fi/legentic-data/2016-01-02-5VW53L.gz
https://a3s.fi/legentic-data/2016-01-02-5VW53L.gz
https://a3s.fi/legentic-data/2016-01-02-5VW53L.gz
https://a3s.fi/legentic-data/2016-01-02-5VW53L.gz
https://a3s.fi/legentic-data/2016-01-02-5VW53L.gz
https://a3s.fi/legentic-data/2016-01-02-5VW53L.gz
https://a3s.fi/legentic-data/2016-01-02-5VW53L.gz
https://a3s.fi/legentic-data/2016-01-02-5VW53L.gz
https://a3s.fi/legentic-data/2016-01-02-5VW53L.gz
https://a3s.fi/legentic-data/2016-01-02-5VW53L.gz
https://a3s.fi/legentic-data/2016-01-02-5VW53L.gz
https://a3s.fi/legentic-data/2016-01-02-5VW53L.gz
https://a3s.fi/legentic-data/2016-01-02-5VW53L.gz
https://a3s.fi/legentic-data/2016-01-02-5VW53L.gz
https://a3s.fi/legentic-data/2016-01-02-5VW53L.gz
https://a3s.fi/legentic-data/2016-01-02-5VW53L.gz
https://a3s.fi/legentic-data/2016-01-02-5VW53L.gz
https://a3s.fi/legentic-data/2016-01-02-5VW53L.gz
https://a3s.fi/legentic-data/2016-01-02-5VW53L.gz
https://a3s.fi/legentic-data/2016-01-02-5VW53L.gz
https://a3s.fi/legentic-data/2016-01-02-5VW53L.gz
https://a3s.fi/legentic-data/2016-01-02-5VW53L.gz
https://a3s.fi/legentic-data/2016-01-02-5VW53L.gz
https://a3s.fi/legentic-data/2016-01-02-5VW53L.gz
https://a3s.fi/legentic-data/2016-01-02-5VW53L.gz
https://a3s.fi/legentic-data/2016-01-02-5VW53L.gz
https://a3s.fi/legentic-data/2016-01-02-5VW53L.gz
https://a3s.fi/legentic-data/2016-01-02-5VW53L.gz
https://a3s.fi/legentic-data/2016-01-02-5VW53L.gz
https://a3s.fi/legentic-data/2016-01-02-5VW53L.gz
https://a3s.fi/legentic-data/2016-01-02-5VW53L.gz
https://a3s.fi/legentic-data/2016-01-02-5VW53L.gz
https://a3s.fi/legentic-data/2016-01-02-5VW53L.gz
https://a3s.fi/legentic-data/2016-01-02-5VW53L.gz
https://a3s.fi/legentic-data/2016-01-02-5VW53L.gz
https://a3s.fi/legentic-data/2016-01-02-5VW53L.gz
https://a3s.fi/legentic-data/2016-01-02-5VW53L.gz
https://a3s.fi/legentic-data/2016-01-02-5VW53L.gz
https://a3s.fi/legentic-data/2016-01-02-5VW53L.gz
https://a3s.fi/legentic-data/2016-01-02-5VW53L.gz
https://a3s.fi/legentic-data/2016-01-02-5VW53L.gz
https://a3s.fi/legentic-data/2016-01-02-5VW53L.gz
https://a3s.fi/legentic-data/2016-01-02-5VW53L.gz
https://a3s.fi/legentic-data/2016-01-01-2VSN8P.gz
https://a3s.fi/legentic-data/2016-01-01-3BLKR0.gz
https://a3s.fi/legentic-data/2016-01-01-3OZWK0.gz
https://a3s.fi/legentic-data/2016-01-01-4V2EJ1.gz
https://a3s.fi/legentic-data/2016-01-01-7FDQMZ.gz
https://a3s.fi/legentic-data/2016-01-01-8DEFBT.gz
https://a3s.fi/legentic-data/2016-01-01-A7MMP7.gz
https://a3s.fi/legentic-data/2016-01-01-DQE175.gz
https://a3s.fi/legentic-data/2016-01-01-DYEB94.gz
https://a3s.fi/legentic-data/2016-01-01-FIVQ34.gz
https://a3s.fi/legentic-data/2016-01-01-GET7WS.gz
https://a3s.fi/legentic-data/2016-01-01-M6PIV8.gz
https://a3s.fi/legentic-data/2016-01-01-P9EKYP.gz
https://a3s.fi/legentic-data/2016-01-01-RP2B5Y.gz
https://a3s.fi/legentic-data/2016-01-01-VAKY6O.gz
https://a3s.fi/legentic-data/2016-01-01-WEO9NA.gz
https://a3s.fi/legentic-data/2016-01-01-WETXYC.gz
https://a3s.fi/legentic-data/2016-01-02-18S8T4.gz
https://a3s.fi/legentic-data/2016-01-02-2L8ZB1.gz
https://a3s.fi/legentic-data/2016-01-02-5VW53L.gz
https://a3s.fi/legentic-data/2016-01-02-5VW53L.gz
https://a3s.fi/legentic-data/2016-01-02-5VW53L.gz
https://a3s.fi/legentic-data/2016-01-02-5VW53L.gz
https://a3s.fi/legentic-data/2016-01-02-5VW53L.gz
https://a3s.fi/legentic-data/2016-01-02-5VW53L.gz
https://a3s.fi/legentic-data/2016-01-02-5VW53L.gz
https://a3s.fi/legentic-data/2016-01-02-5VW53L.gz
https://a3s.fi/legentic-data/2016-01-02-5VW53L.gz
https://a3s.fi/legentic-data/2016-01-02-5VW53L.gz
https://a3s.fi/legentic-data/2016-01-02-5VW53L.gz
https://a3s.fi/legentic-data/2016-01-02-5VW53L.gz
https://a3s.fi/legentic-data/2016-01-02-5VW53L.gz
https://a3s.fi/legentic-data/2016-01-02-5VW53L.gz
https://a3s.fi/legentic-data/2016-01-02-5VW53L.gz
https://a3s.fi/legentic-data/2016-01-02-5VW53L.gz
https://a3s.fi/legentic-data/2016-01-02-5VW53L.gz
https://a3s.fi/legentic-data/2016-01-02-5VW53L.gz
https://a3s.fi/legentic-data/2016-01-02-5VW53L.gz
https://a3s.fi/legentic-data/2016-01-02-5VW53L.gz
https://a3s.fi/legentic-data/2016-01-02-5VW53L.gz
https://a3s.fi/legentic-data/2016-01-02-5VW53L.gz
https://a3s.fi/legentic-data/2016-01-02-5VW53L.gz
https://a3s.fi/legentic-data/2016-01-02-5VW53L.gz
https://a3s.fi/legentic-data/2016-01-02-5VW53L.gz
https://a3s.fi/legentic-data/2016-01-02-5VW53L.gz
https://a3s.fi/legentic-data/2016-01-02-5VW53L.gz
https://a3s.fi/legentic-data/2016-01-02-5VW53L.gz
https://a3s.fi/legentic-data/2016-01-02-5VW53L.gz
https://a3s.fi/legentic-data/2016-01-02-5VW53L.gz
https://a3s.fi/legentic-data/2016-01-02-5VW53L.gz
https://a3s.fi/legentic-data/2016-01-02-5VW53L.gz
https://a3s.fi/legentic-data/2016-01-02-5VW53L.gz
https://a3s.fi/legentic-data/2016-01-02-5VW53L.gz
https://a3s.fi/legentic-data/2016-01-02-5VW53L.gz
https://a3s.fi/legentic-data/2016-01-02-5VW53L.gz
https://a3s.fi/legentic-data/2016-01-02-5VW53L.gz
https://a3s.fi/legentic-data/2016-01-02-5VW53L.gz
https://a3s.fi/legentic-data/2016-01-02-5VW53L.gz
https://a3s.fi/legentic-data/2016-01-02-5VW53L.gz
https://a3s.fi/legentic-data/2016-01-02-5VW53L.gz
https://a3s.fi/legentic-data/2016-01-02-5VW53L.gz
https://a3s.fi/legentic-data/2016-01-02-5VW53L.gz
https://a3s.fi/legentic-data/2016-01-02-5VW53L.gz
https://a3s.fi/legentic-data/2016-01-02-5VW53L.gz
https://a3s.fi/legentic-data/2016-01-02-5VW53L.gz
https://a3s.fi/legentic-data/2016-01-02-5VW53L.gz
https://a3s.fi/legentic-data/2016-01-02-5VW53L.gz
https://a3s.fi/legentic-data/2016-01-02-5VW53L.gz
https://a3s.fi/legentic-data/2016-01-02-5VW53L.gz
https://a3s.fi/legentic-data/2016-01-02-5VW53L.gz
https://a3s.fi/legentic-data/2016-01-02-5VW53L.gz
https://a3s.fi/legentic-data/2016-01-02-5VW53L.gz
https://a3s.fi/legentic-data/2016-01-02-5VW53L.gz
https://a3s.fi/legentic-data/2016-01-02-5VW53L.gz
https://a3s.fi/legentic-data/2016-01-02-5VW53L.gz
https://a3s.fi/legentic-data/2016-01-02-5VW53L.gz
https://a3s.fi/legentic-data/2016-01-02-5VW53L.gz
https://a3s.fi/legentic-data/2016-01-02-5VW53L.gz
https://a3s.fi/legentic-data/2016-01-02-5VW53L.gz
https://a3s.fi/legentic-data/2016-01-02-5VW53L.gz
https://a3s.fi/legentic-data/2016-01-02-5VW53L.gz
https://a3s.fi/legentic-data/2016-01-02-5VW53L.gz
https://a3s.fi/legentic-data/2016-01-02-5VW53L.gz
https://a3s.fi/legentic-data/2016-01-02-5VW53L.gz
https://a3s.fi/legentic-data/2016-01-02-5VW53L.gz
https://a3s.fi/legentic-data/2016-01-02-5VW53L.gz
https://a3s.fi/legentic-data/2016-01-02-5VW53L.gz
https://a3s.fi/legentic-data/2016-01-02-5VW53L.gz
https://a3s.fi/legentic-data/2016-01-02-5VW53L.gz
https://a3s.fi/legentic-data/2016-01-02-5VW53L.gz
https://a3s.fi/legentic-data/2016-01-02-5VW53L.gz
https://a3s.fi/legentic-data/2016-01-02-5VW53L.gz
https://a3s.fi/legentic-data/2016-01-02-5VW53L.gz
https://a3s.fi/legentic-data/2016-01-02-5VW53L.gz
https://a3s.fi/legentic-data/2016-01-02-5VW53L.gz
https://a3s.fi/legentic-data/2016-01-02-5VW53L.gz
https://a3s.fi/legentic-data/2016-01-02-5VW53L.gz
https://a3s.fi/legentic-data/2016-01-02-5VW53L.gz
https://a3s.fi/legentic-data/2016-01-02-5VW53L.gz
https://a3s.fi/legentic-data/2016-01-02-5VW53L.gz
https://a3s.fi/legentic-data/2016-01-02-5VW53L.gz
https://a3s.fi/legentic-data/2016-01-02-5VW53L.gz
https://a3s.fi/legentic-data/2016-01-02-5VW53L.gz
https://a3s.fi/legentic-data/2016-01-02-5VW53L.gz
https://a3s.fi/legentic-data/2016-01-02-5VW53L.gz
https://a3s.fi/legentic-data/2016-01-02-5VW53L.gz
https://a3s.fi/legentic-data/2016-01-02-5VW53L.gz
https://a3s.fi/legentic-data/2016-01-02-5VW53L.gz
https://a3s.fi/legentic-data/2016-01-02-5VW53L.gz
https://a3s.fi/legentic-data/2016-01-02-5VW53L.gz
https://a3s.fi/legentic-data/2016-01-02-5VW53L.gz
https://a3s.fi/legentic-data/2016-01-02-5VW53L.gz
https://a3s.fi/legentic-data/2016-01-02-5VW53L.gz
https://a3s.fi/legentic-data/2016-01-02-5VW53L.gz
https://a3s.fi/legentic-data/2016-01-02-5VW53L.gz
https://a3s.fi/legentic-data/2016-01-02-5VW53L.gz
https://a3s.fi/legentic-data/2016-01-02-5VW53L.gz
https://a3s.fi/legentic-data/2016-01-02-5VW53L.gz
https://a3s.fi/legentic-data/2016-01-02-5VW53L.gz
https://a3s.fi/legentic-data/2016-01-02-5VW53L.gz
https://a3s.fi/legentic-data/2016-01-01-2VSN8P.gz
https://a3s.fi/legentic-data/2016-01-01-3BLKR0.gz
https://a3s.fi/legentic-data/2016-01-01-3OZWK0.gz
https://a3s.fi/legentic-data/2016-01-01-4V2EJ1.gz
https://a3s.fi/legentic-data/2016-01-01-7FDQMZ.gz
https://a3s.fi/legentic-data/2016-01-01-8DEFBT.gz
https://a3s.fi/legentic-data/2016-01-01-A7MMP7.gz
https://a3s.fi/legentic-data/2016-01-01-DQE175.gz
https://a3s.fi/legentic-data/2016-01-01-DYEB94.gz
https://a3s.fi/legentic-data/2016-01-01-FIVQ34.gz
https://a3s.fi/legentic-data/2016-01-01-GET7WS.gz
https://a3s.fi/legentic-data/2016-01-01-M6PIV8.gz
https://a3s.fi/legentic-data/2016-01-01-P9EKYP.gz
https://a3s.fi/legentic-data/2016-01-01-RP2B5Y.gz
https://a3s.fi/legentic-data/2016-01-01-VAKY6O.gz
https://a3s.fi/legentic-data/2016-01-01-WEO9NA.gz
https://a3s.fi/legentic-data/2016-01-01-WETXYC.gz
https://a3s.fi/legentic-data/2016-01-02-18S8T4.gz
https://a3s.fi/legentic-data/2016-01-02-2L8ZB1.gz
https://a3s.fi/legentic-data/2016-01-02-5VW53L.gz
https://a3s.fi/legentic-data/2016-01-02-5VW53L.gz
https://a3s.fi/legentic-data/2016-01-02-5VW53L.gz
https://a3s.fi/legentic-data/2016-01-02-5VW53L.gz
https://a3s.fi/legentic-data/2016-01-02-5VW53L.gz
https://a3s.fi/legentic-data/2016-01-02-5VW53L.gz
https://a3s.fi/legentic-data/2016-01-02-5VW53L.gz
https://a3s.fi/legentic-data/2016-01-02-5VW53L.gz
https://a3s.fi/legentic-data/2016-01-02-5VW53L.gz
https://a3s.fi/legentic-data/2016-01-02-5VW53L.gz
https://a3s.fi/legentic-data/2016-01-02-5VW53L.gz
https://a3s.fi/legentic-data/2016-01-02-5VW53L.gz
https://a3s.fi/legentic-data/2016-01-02-5VW53L.gz
https://a3s.fi/legentic-data/2016-01-02-5VW53L.gz
https://a3s.fi/legentic-data/2016-01-02-5VW53L.gz
https://a3s.fi/legentic-data/2016-01-02-5VW53L.gz
https://a3s.fi/legentic-data/2016-01-02-5VW53L.gz
https://a3s.fi/legentic-data/2016-01-02-5VW53L.gz
https://a3s.fi/legentic-data/2016-01-02-5VW53L.gz
https://a3s.fi/legentic-data/2016-01-02-5VW53L.gz
https://a3s.fi/legentic-data/2016-01-02-5VW53L.gz
https://a3s.fi/legentic-data/2016-01-02-5VW53L.gz
https://a3s.fi/legentic-data/2016-01-02-5VW53L.gz
https://a3s.fi/legentic-data/2016-01-02-5VW53L.gz
https://a3s.fi/legentic-data/2016-01-02-5VW53L.gz
https://a3s.fi/legentic-data/2016-01-02-5VW53L.gz
https://a3s.fi/legentic-data/2016-01-02-5VW53L.gz
https://a3s.fi/legentic-data/2016-01-02-5VW53L.gz
https://a3s.fi/legentic-data/2016-01-02-5VW53L.gz
https://a3s.fi/legentic-data/2016-01-02-5VW53L.gz
https://a3s.fi/legentic-data/2016-01-02-5VW53L.gz
https://a3s.fi/legentic-data/2016-01-02-5VW53L.gz
https://a3s.fi/legentic-data/2016-01-02-5VW53L.gz
https://a3s.fi/legentic-data/2016-01-02-5VW53L.gz
https://a3s.fi/legentic-data/2016-01-02-5VW53L.gz
https://a3s.fi/legentic-data/2016-01-02-5VW53L.gz
https://a3s.fi/legentic-data/2016-01-02-5VW53L.gz
https://a3s.fi/legentic-data/2016-01-02-5VW53L.gz
https://a3s.fi/legentic-data/2016-01-02-5VW53L.gz
https://a3s.fi/legentic-data/2016-01-02-5VW53L.gz
https://a3s.fi/legentic-data/2016-01-02-5VW53L.gz
https://a3s.fi/legentic-data/2016-01-02-5VW53L.gz
https://a3s.fi/legentic-data/2016-01-02-5VW53L.gz
https://a3s.fi/legentic-data/2016-01-02-5VW53L.gz
https://a3s.fi/legentic-data/2016-01-02-5VW53L.gz
https://a3s.fi/legentic-data/2016-01-02-5VW53L.gz
https://a3s.fi/legentic-data/2016-01-02-5VW53L.gz
https://a3s.fi/legentic-data/2016-01-02-5VW53L.gz
https://a3s.fi/legentic-data/2016-01-02-5VW53L.gz
https://a3s.fi/legentic-data/2016-01-02-5VW53L.gz
https://a3s.fi/legentic-data/2016-01-02-5VW53L.gz
https://a3s.fi/legentic-data/2016-01-02-5VW53L.gz
https://a3s.fi/legentic-data/2016-01-02-5VW53L.gz
https://a3s.fi/legentic-data/2016-01-02-5VW53L.gz
https://a3s.fi/legentic-data/2016-01-02-5VW53L.gz
https://a3s.fi/legentic-data/2016-01-02-5VW53L.gz
https://a3s.fi/legentic-data/2016-01-02-5VW53L.gz
https://a3s.fi/legentic-data/2016-01-02-5VW53L.gz
https://a3s.fi/legentic-data/2016-01-02-5VW53L.gz
https://a3s.fi/legentic-data/2016-01-02-5VW53L.gz
https://a3s.fi/legentic-data/2016-01-02-5VW53L.gz
https://a3s.fi/legentic-data/2016-01-01-2VSN8P.gz
https://a3s.fi/legentic-data/2016-01-01-3BLKR0.gz
https://a3s.fi/legentic-data/2016-01-01-3OZWK0.gz
https://a3s.fi/legentic-data/2016-01-01-4V2EJ1.gz
https://a3s.fi/legentic-data/2016-01-01-7FDQMZ.gz
https://a3s.fi/legentic-data/2016-01-01-8DEFBT.gz
https://a3s.fi/legentic-data/2016-01-01-A7MMP7.gz
https://a3s.fi/legentic-data/2016-01-01-DQE175.gz
https://a3s.fi/legentic-data/2016-01-01-DYEB94.gz
https://a3s.fi/legentic-data/2016-01-01-FIVQ34.gz
https://a3s.fi/legentic-data/2016-01-01-GET7WS.gz
https://a3s.fi/legentic-data/2016-01-01-M6PIV8.gz
https://a3s.fi/legentic-data/2016-01-01-P9EKYP.gz
https://a3s.fi/legentic-data/2016-01-01-RP2B5Y.gz
https://a3s.fi/legentic-data/2016-01-01-VAKY6O.gz
https://a3s.fi/legentic-data/2016-01-01-WEO9NA.gz
https://a3s.fi/legentic-data/2016-01-01-WETXYC.gz
https://a3s.fi/legentic-data/2016-01-02-18S8T4.gz
https://a3s.fi/legentic-data/2016-01-02-2L8ZB1.gz
https://a3s.fi/legentic-data/2016-01-02-5VW53L.gz
